mnn_local/build/intermediates/manifest_merge_blame_file/debug/processDebugManifest/manifest-merger-blame-debug-report.txt
1<?xml version="1.0" encoding="utf-8"?>
2<manifest xmlns:android="http://schemas.android.com/apk/res/android"
3    xmlns:tools="http://schemas.android.com/tools"
4    package="com.alibaba.mnnllm.android" >
5
6    <uses-sdk android:minSdkVersion="29" />
7
8    <uses-permission android:name="android.permission.INTERNET" />
8-->src/main/AndroidManifest.xml:5:5-67
8-->src/main/AndroidManifest.xml:5:22-64
9    <uses-permission android:name="android.permission.FOREGROUND_SERVICE" />
9-->src/main/AndroidManifest.xml:6:5-77
9-->src/main/AndroidManifest.xml:6:22-74
10    <uses-permission android:name="android.permission.FOREGROUND_SERVICE_DATA_SYNC" />
10-->src/main/AndroidManifest.xml:7:5-87
10-->src/main/AndroidManifest.xml:7:22-84
11    <uses-permission android:name="android.permission.POST_NOTIFICATIONS" />
11-->src/main/AndroidManifest.xml:8:5-77
11-->src/main/AndroidManifest.xml:8:22-74
12    <uses-permission android:name="android.permission.READ_MEDIA_AUDIO" />
12-->src/main/AndroidManifest.xml:9:5-75
12-->src/main/AndroidManifest.xml:9:22-72
13    <uses-permission android:name="android.permission.RECORD_AUDIO" />
13-->src/main/AndroidManifest.xml:10:5-71
13-->src/main/AndroidManifest.xml:10:22-68
14    <uses-permission android:name="android.permission.CAMERA" />
14-->src/main/AndroidManifest.xml:11:5-65
14-->src/main/AndroidManifest.xml:11:22-62
15    <uses-permission android:name="android.permission.REQUEST_INSTALL_PACKAGES" />
15-->src/main/AndroidManifest.xml:12:5-83
15-->src/main/AndroidManifest.xml:12:22-80
16    <uses-permission android:name="android.permission.ACCESS_NETWORK_STATE" />
16-->src/main/AndroidManifest.xml:13:5-79
16-->src/main/AndroidManifest.xml:13:22-76
17    <uses-permission android:name="android.permission.READ_EXTERNAL_STORAGE" />
17-->src/main/AndroidManifest.xml:14:5-80
17-->src/main/AndroidManifest.xml:14:22-77
18    <uses-permission android:name="android.permission.WRITE_EXTERNAL_STORAGE" />
18-->src/main/AndroidManifest.xml:15:5-81
18-->src/main/AndroidManifest.xml:15:22-78
19    <uses-permission android:name="android.permission.ACCESS_WIFI_STATE" />
19-->src/main/AndroidManifest.xml:16:5-75
19-->src/main/AndroidManifest.xml:16:22-73
20
21    <application tools:targetApi="31" >
21-->src/main/AndroidManifest.xml:18:5-49:19
21-->src/main/AndroidManifest.xml:18:18-38
22        <meta-data
22-->src/main/AndroidManifest.xml:19:9-21:37
23            android:name="firebase_crashlytics_collection_enabled"
23-->src/main/AndroidManifest.xml:20:13-67
24            android:value="false" />
24-->src/main/AndroidManifest.xml:21:13-34
25
26        <uses-native-library
26-->src/main/AndroidManifest.xml:22:9-24:40
27            android:name="libOpenCL.so"
27-->src/main/AndroidManifest.xml:23:13-40
28            android:required="false" />
28-->src/main/AndroidManifest.xml:24:13-37
29
30        <uses-library
30-->src/main/AndroidManifest.xml:25:9-27:39
31            android:name="libcdsprpc.so"
31-->src/main/AndroidManifest.xml:26:13-41
32            android:required="false" />
32-->src/main/AndroidManifest.xml:27:13-37
33
34        <service
34-->src/main/AndroidManifest.xml:28:9-30:56
35            android:name="com.alibaba.mls.api.download.DownloadForegroundService"
35-->src/main/AndroidManifest.xml:29:13-82
36            android:foregroundServiceType="dataSync" />
36-->src/main/AndroidManifest.xml:30:13-53
37        <service
37-->src/main/AndroidManifest.xml:32:9-36:56
38            android:name="com.alibaba.mnnllm.api.openai.service.OpenAIService"
38-->src/main/AndroidManifest.xml:33:13-79
39            android:enabled="true"
39-->src/main/AndroidManifest.xml:34:13-35
40            android:exported="false"
40-->src/main/AndroidManifest.xml:35:13-37
41            android:foregroundServiceType="dataSync" />
41-->src/main/AndroidManifest.xml:36:13-53
42
43        <receiver
43-->src/main/AndroidManifest.xml:38:9-47:20
44            android:name="com.alibaba.mnnllm.api.openai.manager.ApiServiceActionReceiver"
44-->src/main/AndroidManifest.xml:39:13-90
45            android:enabled="true"
45-->src/main/AndroidManifest.xml:40:13-35
46            android:exported="false" >
46-->src/main/AndroidManifest.xml:41:13-37
47            <intent-filter>
47-->src/main/AndroidManifest.xml:42:13-46:29
48                <action android:name="com.alibaba.mnnllm.api.openai.STOP_SERVICE" />
48-->src/main/AndroidManifest.xml:43:17-85
48-->src/main/AndroidManifest.xml:43:25-82
49                <action android:name="com.alibaba.mnnllm.api.openai.COPY_URL" />
49-->src/main/AndroidManifest.xml:44:17-81
49-->src/main/AndroidManifest.xml:44:25-78
50                <action android:name="com.alibaba.mnnllm.api.openai.TEST_PAGE" />
50-->src/main/AndroidManifest.xml:45:17-82
50-->src/main/AndroidManifest.xml:45:25-79
51            </intent-filter>
52        </receiver>
53    </application>
54
55</manifest>